WARNING:__main__:Before reserveLastTickInAuc() call on 2018-10-12 16:30:20
WARNING:__main__:start process collection m1901.........
WARNING:__main__:start process collection rb1901.........
WARNING:__main__:start process collection m1901.........
WARNING:__main__:start process collection rb1901.........
WARNING:__main__:start process collection SR.HOT.........
WARNING:__main__:start process collection IC.HOT.........
WARNING:__main__:start process collection SR709.........
WARNING:__main__:start process collection SR901.........
WARNING:__main__:start process collection rb.HOT.........
WARNING:__main__:start process collection IH.HOT.........
WARNING:__main__:start process collection l1801.........
WARNING:__main__:start process collection mycol.........
WARNING:__main__:start process collection SR801.........
WARNING:__main__:start process collection p1801.........
WARNING:__main__:start process collection IH1809.........
WARNING:__main__:start process collection l1805.........
WARNING:__main__:start process collection SR809.........
WARNING:__main__:start process collection IF1809.........
WARNING:__main__:start process collection l1709.........
WARNING:__main__:start process collection SR805.........
WARNING:__main__:start process collection rb1805.........
WARNING:__main__:start process collection l0000.........
WARNING:__main__:start process collection rb1710.........
WARNING:__main__:start process collection SR0000.........
WARNING:__main__:start process collection IC1809.........
WARNING:__main__:start process collection p1709.........
WARNING:__main__:start process collection rb1810.........
WARNING:__main__:start process collection m.HOT.........
WARNING:__main__:start process collection IF.HOT.........
WARNING:__main__:start process collection p1809.........
WARNING:__main__:start process collection p0000.........
WARNING:__main__:start process collection rb0000.........
WARNING:__main__:start process collection rb1801.........
WARNING:__main__:start process collection l1809.........
WARNING:__main__:start process collection p1805.........
WARNING:__main__:Before reserveLastTickInAuc() call on 2018-10-12 16:50:00
WARNING:__main__:start process collection m1901.........
